<html>
<body>
<pre>
<h1>Vision Build Log</h1>
<h2>Project:</h2>
F:\Dean\MCU51\USBD12\USB实验第七 设置配置\D12_Detect.uvproj
Project File Date:  04/18/2011

<h2>Output:</h2>
Build target 'D12Detect'
compiling key.c...
compiling main.c...
compiling uart.c...
compiling D12.c...
compiling usbCore.c...
linking...
*** WARNING L16: UNCALLED SEGMENT, IGNORED FOR OVERLAY PROCESS
    SEGMENT: ?PR?USBDISCONNECT?D12
Program Size: data=65.0 xdata=0 code=3239
creating hex file from "D12_Detect"...
"D12_Detect" - 0 Error(s), 1 Warning(s).
Build target 'D12Detect'
compiling key.c...
compiling main.c...
compiling uart.c...
compiling D12.c...
compiling usbCore.c...
linking...
*** WARNING L16: UNCALLED SEGMENT, IGNORED FOR OVERLAY PROCESS
    SEGMENT: ?PR?USBDISCONNECT?D12
Program Size: data=65.0 xdata=0 code=3199
creating hex file from "D12_Detect"...
"D12_Detect" - 0 Error(s), 1 Warning(s).
Build target 'D12Detect'
compiling key.c...
compiling main.c...
compiling uart.c...
compiling D12.c...
compiling usbCore.c...
linking...
*** WARNING L16: UNCALLED SEGMENT, IGNORED FOR OVERLAY PROCESS
    SEGMENT: ?PR?USBDISCONNECT?D12
Program Size: data=65.0 xdata=0 code=3251
creating hex file from "D12_Detect"...
"D12_Detect" - 0 Error(s), 1 Warning(s).
Build target 'D12Detect'
compiling key.c...
compiling main.c...
compiling uart.c...
compiling D12.c...
compiling usbCore.c...
linking...
*** WARNING L16: UNCALLED SEGMENT, IGNORED FOR OVERLAY PROCESS
    SEGMENT: ?PR?USBDISCONNECT?D12
Program Size: data=65.0 xdata=0 code=3251
creating hex file from "D12_Detect"...
"D12_Detect" - 0 Error(s), 1 Warning(s).
Build target 'D12Detect'
compiling key.c...
compiling main.c...
compiling uart.c...
compiling D12.c...
compiling usbCore.c...
linking...
*** WARNING L16: UNCALLED SEGMENT, IGNORED FOR OVERLAY PROCESS
    SEGMENT: ?PR?USBDISCONNECT?D12
Program Size: data=65.0 xdata=0 code=3239
creating hex file from "D12_Detect"...
"D12_Detect" - 0 Error(s), 1 Warning(s).
Build target 'D12Detect'
compiling key.c...
compiling main.c...
compiling uart.c...
compiling D12.c...
compiling usbCore.c...
linking...
*** WARNING L16: UNCALLED SEGMENT, IGNORED FOR OVERLAY PROCESS
    SEGMENT: ?PR?USBDISCONNECT?D12
Program Size: data=65.0 xdata=0 code=3301
creating hex file from "D12_Detect"...
"D12_Detect" - 0 Error(s), 1 Warning(s).
Build target 'D12Detect'
compiling key.c...
compiling main.c...
compiling uart.c...
compiling D12.c...
compiling usbCore.c...
linking...
*** WARNING L16: UNCALLED SEGMENT, IGNORED FOR OVERLAY PROCESS
    SEGMENT: ?PR?USBDISCONNECT?D12
Program Size: data=65.0 xdata=0 code=3301
creating hex file from "D12_Detect"...
"D12_Detect" - 0 Error(s), 1 Warning(s).
Build target 'D12Detect'
compiling key.c...
compiling main.c...
MAIN.C(47): error C202: 'ConfigValue': undefined identifier
MAIN.C(50): error C202: 'Ep1InIsBusy': undefined identifier
compiling uart.c...
compiling D12.c...
compiling usbCore.c...
USBCORE.C(160): error C202: 'Ep1InIsBusy': undefined identifier
Target not created
Build target 'D12Detect'
compiling key.c...
compiling main.c...
MAIN.C(47): error C202: 'ConfigValue': undefined identifier
MAIN.C(50): error C202: 'Ep1InIsBusy': undefined identifier
compiling uart.c...
compiling D12.c...
compiling usbCore.c...
USBCORE.C(160): error C202: 'Ep1InIsBusy': undefined identifier
Target not created
Build target 'D12Detect'
compiling key.c...
compiling main.c...
MAIN.C(58): warning C206: 'SendReport': missing function-prototype
MAIN.C(73): error C231: 'SendReport': redefinition
compiling uart.c...
compiling D12.c...
compiling usbCore.c...
USBCORE.C(160): error C202: 'Ep1InIsBusy': undefined identifier
Target not created
Build target 'D12Detect'
compiling key.c...
compiling main.c...
MAIN.C(112): warning C206: 'D12WriteEndPointBuffer': missing function-prototype
MAIN.C(112): error C267: 'D12WriteEndPointBuffer': requires ANSI-style prototype
compiling uart.c...
compiling D12.c...
compiling usbCore.c...
USBCORE.C(506): warning C206: 'D12ReadEndpointLastStatus': missing function-prototype
USBCORE.C(506): error C267: 'D12ReadEndpointLastStatus': requires ANSI-style prototype
Target not created
Build target 'D12Detect'
compiling key.c...
compiling main.c...
MAIN.C(112): warning C206: 'D12WriteEndPointBuffer': missing function-prototype
MAIN.C(112): error C267: 'D12WriteEndPointBuffer': requires ANSI-style prototype
compiling uart.c...
compiling D12.c...
compiling usbCore.c...
Target not created
Build target 'D12Detect'
compiling key.c...
compiling main.c...
compiling uart.c...
compiling D12.c...
compiling usbCore.c...
linking...
*** WARNING L16: UNCALLED SEGMENT, IGNORED FOR OVERLAY PROCESS
    SEGMENT: ?PR?USBDISCONNECT?D12
Program Size: data=69.0 xdata=0 code=3809
creating hex file from "D12_Detect"...
"D12_Detect" - 0 Error(s), 1 Warning(s).
Clean started: Project: 'D12_Detect'
   deleting intermediate output files for target 'D12Detect'
