<html>
<body>
<pre>
<h1>Vision Build Log</h1>
<h2>Project:</h2>
F:\Dean\MCU51\USBD12\USB实验第三 设备请求的散转及设备描述符的返回\D12_Detect.uvproj
Project File Date:  04/15/2011

<h2>Output:</h2>
Build target 'D12Detect'
compiling key.c...
compiling main.c...
compiling uart.c...
compiling D12.c...
D12.C(144): error C202: 'SendLength': undefined identifier
D12.C(146): error C202: 'DeviceDescriptor': undefined identifier
D12.C(147): error C202: 'SendLength': undefined identifier
D12.C(148): error C202: 'pSendData': undefined identifier
D12.C(152): error C202: 'SendLength': undefined identifier
D12.C(154): error C202: 'SendLength': undefined identifier
D12.C(155): error C202: 'SendLength': undefined identifier
D12.C(159): error C202: 'NeedZeroPacket': undefined identifier
D12.C(161): error C202: 'pSendData': undefined identifier
D12.C(162): error C202: 'NeedZeroPacket': undefined identifier
compiling usbCore.c...
USBCORE.C(40): error C141: syntax error near 'void'
USBCORE.C(41): error C231: 'UsbBusSuspend': redefinition
USBCORE.C(41): error C141: syntax error near '{'
USBCORE.C(43): error C231: 'UsbBusReset': redefinition
USBCORE.C(43): error C141: syntax error near '{'
USBCORE.C(45): error C231: 'UsbEp0Out': redefinition
USBCORE.C(45): error C141: syntax error near '{'
USBCORE.C(47): error C231: '_Prints': redefinition
USBCORE.C(49): error C141: syntax error near 'if'
USBCORE.C(49): error C141: syntax error near '0'
USBCORE.C(49): error C141: syntax error near '&', expected ')'
USBCORE.C(51): error C141: syntax error near '0'
USBCORE.C(51): error C231: '_D12ReadEndPointBuffer': redefinition
USBCORE.C(52): error C231: 'D12AckSetup': redefinition
USBCORE.C(53): error C141: syntax error near '0xF2'
USBCORE.C(53): error C231: '_D12WriteCMD': redefinition
USBCORE.C(55): error C231: 'bmRequestType': redefinition
USBCORE.C(56): error C231: 'bRequest': redefinition
USBCORE.C(57): error C231: 'wValue': redefinition
USBCORE.C(57): error C247: non-address/-constant initializer
USBCORE.C(58): error C231: 'wIndex': redefinition
USBCORE.C(58): error C247: non-address/-constant initializer
USBCORE.C(59): error C231: 'wLength': redefinition
USBCORE.C(59): error C247: non-address/-constant initializer
USBCORE.C(61): error C141: syntax error near 'if'
USBCORE.C(61): error C141: syntax error near '&', expected ')'
USBCORE.C(63): error C141: syntax error near '>>', expected ')'
USBCORE.C(67): error C141: syntax error near '<string>'
USBCORE.C(67): error C231: '_Prints': redefinition
USBCORE.C(69): error C141: syntax error near 'switch'
USBCORE.C(70): error C129: missing ';' before '{'
Target not created
Build target 'D12Detect'
compiling key.c...
compiling main.c...
compiling uart.c...
compiling D12.c...
D12.C(144): error C202: 'SendLength': undefined identifier
D12.C(146): error C202: 'DeviceDescriptor': undefined identifier
D12.C(147): error C202: 'SendLength': undefined identifier
D12.C(148): error C202: 'pSendData': undefined identifier
D12.C(152): error C202: 'SendLength': undefined identifier
D12.C(154): error C202: 'SendLength': undefined identifier
D12.C(155): error C202: 'SendLength': undefined identifier
D12.C(159): error C202: 'NeedZeroPacket': undefined identifier
D12.C(161): error C202: 'pSendData': undefined identifier
D12.C(162): error C202: 'NeedZeroPacket': undefined identifier
compiling usbCore.c...
USBCORE.C(40): error C141: syntax error near 'void'
USBCORE.C(41): error C231: 'UsbBusSuspend': redefinition
USBCORE.C(41): error C141: syntax error near '{'
USBCORE.C(43): error C231: 'UsbBusReset': redefinition
USBCORE.C(43): error C141: syntax error near '{'
USBCORE.C(45): error C231: 'UsbEp0Out': redefinition
USBCORE.C(45): error C141: syntax error near '{'
USBCORE.C(47): error C231: '_Prints': redefinition
USBCORE.C(49): error C141: syntax error near 'if'
USBCORE.C(49): error C141: syntax error near '0'
USBCORE.C(49): error C141: syntax error near '&', expected ')'
USBCORE.C(51): error C141: syntax error near '0'
USBCORE.C(51): error C231: '_D12ReadEndPointBuffer': redefinition
USBCORE.C(52): error C231: 'D12AckSetup': redefinition
USBCORE.C(53): error C141: syntax error near '0xF2'
USBCORE.C(53): error C231: '_D12WriteCMD': redefinition
USBCORE.C(55): error C231: 'bmRequestType': redefinition
USBCORE.C(56): error C231: 'bRequest': redefinition
USBCORE.C(57): error C231: 'wValue': redefinition
USBCORE.C(57): error C247: non-address/-constant initializer
USBCORE.C(58): error C231: 'wIndex': redefinition
USBCORE.C(58): error C247: non-address/-constant initializer
USBCORE.C(59): error C231: 'wLength': redefinition
USBCORE.C(59): error C247: non-address/-constant initializer
USBCORE.C(61): error C141: syntax error near 'if'
USBCORE.C(61): error C141: syntax error near '&', expected ')'
USBCORE.C(63): error C141: syntax error near '>>', expected ')'
USBCORE.C(67): error C141: syntax error near '<string>'
USBCORE.C(67): error C231: '_Prints': redefinition
USBCORE.C(69): error C141: syntax error near 'switch'
USBCORE.C(70): error C129: missing ';' before '{'
Target not created
Build target 'D12Detect'
compiling key.c...
compiling main.c...
compiling uart.c...
compiling D12.c...
D12.C(144): error C202: 'SendLength': undefined identifier
D12.C(146): error C202: 'DeviceDescriptor': undefined identifier
D12.C(147): error C202: 'SendLength': undefined identifier
D12.C(148): error C202: 'pSendData': undefined identifier
D12.C(152): error C202: 'SendLength': undefined identifier
D12.C(154): error C202: 'SendLength': undefined identifier
D12.C(155): error C202: 'SendLength': undefined identifier
D12.C(159): error C202: 'NeedZeroPacket': undefined identifier
D12.C(161): error C202: 'pSendData': undefined identifier
D12.C(162): error C202: 'NeedZeroPacket': undefined identifier
compiling usbCore.c...
USBCORE.C(40): error C141: syntax error near 'void'
USBCORE.C(41): error C231: 'UsbBusSuspend': redefinition
USBCORE.C(41): error C141: syntax error near '{'
USBCORE.C(43): error C231: 'UsbBusReset': redefinition
USBCORE.C(43): error C141: syntax error near '{'
USBCORE.C(45): error C231: 'UsbEp0Out': redefinition
USBCORE.C(45): error C141: syntax error near '{'
USBCORE.C(47): error C231: '_Prints': redefinition
USBCORE.C(49): error C141: syntax error near 'if'
USBCORE.C(49): error C141: syntax error near '0'
USBCORE.C(49): error C141: syntax error near '&', expected ')'
USBCORE.C(51): error C141: syntax error near '0'
USBCORE.C(51): error C231: '_D12ReadEndPointBuffer': redefinition
USBCORE.C(52): error C231: 'D12AckSetup': redefinition
USBCORE.C(53): error C141: syntax error near '0xF2'
USBCORE.C(53): error C231: '_D12WriteCMD': redefinition
USBCORE.C(55): error C231: 'bmRequestType': redefinition
USBCORE.C(56): error C231: 'bRequest': redefinition
USBCORE.C(57): error C231: 'wValue': redefinition
USBCORE.C(57): error C247: non-address/-constant initializer
USBCORE.C(58): error C231: 'wIndex': redefinition
USBCORE.C(58): error C247: non-address/-constant initializer
USBCORE.C(59): error C231: 'wLength': redefinition
USBCORE.C(59): error C247: non-address/-constant initializer
USBCORE.C(61): error C141: syntax error near 'if'
USBCORE.C(61): error C141: syntax error near '&', expected ')'
USBCORE.C(63): error C141: syntax error near '>>', expected ')'
USBCORE.C(67): error C141: syntax error near '<string>'
USBCORE.C(67): error C231: '_Prints': redefinition
USBCORE.C(69): error C141: syntax error near 'switch'
USBCORE.C(70): error C129: missing ';' before '{'
Target not created
Build target 'D12Detect'
compiling key.c...
compiling main.c...
compiling uart.c...
compiling D12.c...
D12.C(144): error C202: 'DeviceDescriptor': undefined identifier
D12.C(146): error C202: 'DeviceDescriptor': undefined identifier
D12.C(147): error C202: 'DevcieDescriptor': undefined identifier
D12.C(148): error C202: 'DeviceDescriptor': undefined identifier
compiling usbCore.c...
USBCORE.C(40): error C141: syntax error near 'void'
USBCORE.C(41): error C231: 'UsbBusSuspend': redefinition
USBCORE.C(41): error C141: syntax error near '{'
USBCORE.C(43): error C231: 'UsbBusReset': redefinition
USBCORE.C(43): error C141: syntax error near '{'
USBCORE.C(45): error C231: 'UsbEp0Out': redefinition
USBCORE.C(45): error C141: syntax error near '{'
USBCORE.C(47): error C231: '_Prints': redefinition
USBCORE.C(49): error C141: syntax error near 'if'
USBCORE.C(49): error C141: syntax error near '0'
USBCORE.C(49): error C141: syntax error near '&', expected ')'
USBCORE.C(51): error C141: syntax error near '0'
USBCORE.C(51): error C231: '_D12ReadEndPointBuffer': redefinition
USBCORE.C(52): error C231: 'D12AckSetup': redefinition
USBCORE.C(53): error C141: syntax error near '0xF2'
USBCORE.C(53): error C231: '_D12WriteCMD': redefinition
USBCORE.C(55): error C231: 'bmRequestType': redefinition
USBCORE.C(56): error C231: 'bRequest': redefinition
USBCORE.C(57): error C231: 'wValue': redefinition
USBCORE.C(57): error C247: non-address/-constant initializer
USBCORE.C(58): error C231: 'wIndex': redefinition
USBCORE.C(58): error C247: non-address/-constant initializer
USBCORE.C(59): error C231: 'wLength': redefinition
USBCORE.C(59): error C247: non-address/-constant initializer
USBCORE.C(61): error C141: syntax error near 'if'
USBCORE.C(61): error C141: syntax error near '&', expected ')'
USBCORE.C(63): error C141: syntax error near '>>', expected ')'
USBCORE.C(67): error C141: syntax error near '<string>'
USBCORE.C(67): error C231: '_Prints': redefinition
USBCORE.C(69): error C141: syntax error near 'switch'
USBCORE.C(70): error C129: missing ';' before '{'
Target not created
Build target 'D12Detect'
compiling key.c...
compiling main.c...
compiling uart.c...
compiling D12.c...
D12.C(147): error C202: 'DevcieDescriptor': undefined identifier
compiling usbCore.c...
USBCORE.C(40): error C141: syntax error near 'void'
USBCORE.C(41): error C231: 'UsbBusSuspend': redefinition
USBCORE.C(41): error C141: syntax error near '{'
USBCORE.C(43): error C231: 'UsbBusReset': redefinition
USBCORE.C(43): error C141: syntax error near '{'
USBCORE.C(45): error C231: 'UsbEp0Out': redefinition
USBCORE.C(45): error C141: syntax error near '{'
USBCORE.C(47): error C231: '_Prints': redefinition
USBCORE.C(49): error C141: syntax error near 'if'
USBCORE.C(49): error C141: syntax error near '0'
USBCORE.C(49): error C141: syntax error near '&', expected ')'
USBCORE.C(51): error C141: syntax error near '0'
USBCORE.C(51): error C231: '_D12ReadEndPointBuffer': redefinition
USBCORE.C(52): error C231: 'D12AckSetup': redefinition
USBCORE.C(53): error C141: syntax error near '0xF2'
USBCORE.C(53): error C231: '_D12WriteCMD': redefinition
USBCORE.C(55): error C231: 'bmRequestType': redefinition
USBCORE.C(56): error C231: 'bRequest': redefinition
USBCORE.C(57): error C231: 'wValue': redefinition
USBCORE.C(57): error C247: non-address/-constant initializer
USBCORE.C(58): error C231: 'wIndex': redefinition
USBCORE.C(58): error C247: non-address/-constant initializer
USBCORE.C(59): error C231: 'wLength': redefinition
USBCORE.C(59): error C247: non-address/-constant initializer
USBCORE.C(61): error C141: syntax error near 'if'
USBCORE.C(61): error C141: syntax error near '&', expected ')'
USBCORE.C(63): error C141: syntax error near '>>', expected ')'
USBCORE.C(67): error C141: syntax error near '<string>'
USBCORE.C(67): error C231: '_Prints': redefinition
USBCORE.C(69): error C141: syntax error near 'switch'
USBCORE.C(70): error C129: missing ';' before '{'
Target not created
Build target 'D12Detect'
compiling key.c...
compiling main.c...
compiling uart.c...
compiling D12.c...
D12.C(166): warning C173: missing return-expression
D12.C(166): warning C290: missing return value
compiling usbCore.c...
USBCORE.C(40): error C141: syntax error near 'void'
USBCORE.C(41): error C231: 'UsbBusSuspend': redefinition
USBCORE.C(41): error C141: syntax error near '{'
USBCORE.C(43): error C231: 'UsbBusReset': redefinition
USBCORE.C(43): error C141: syntax error near '{'
USBCORE.C(45): error C231: 'UsbEp0Out': redefinition
USBCORE.C(45): error C141: syntax error near '{'
USBCORE.C(47): error C231: '_Prints': redefinition
USBCORE.C(49): error C141: syntax error near 'if'
USBCORE.C(49): error C141: syntax error near '0'
USBCORE.C(49): error C141: syntax error near '&', expected ')'
USBCORE.C(51): error C141: syntax error near '0'
USBCORE.C(51): error C231: '_D12ReadEndPointBuffer': redefinition
USBCORE.C(52): error C231: 'D12AckSetup': redefinition
USBCORE.C(53): error C141: syntax error near '0xF2'
USBCORE.C(53): error C231: '_D12WriteCMD': redefinition
USBCORE.C(55): error C231: 'bmRequestType': redefinition
USBCORE.C(56): error C231: 'bRequest': redefinition
USBCORE.C(57): error C231: 'wValue': redefinition
USBCORE.C(57): error C247: non-address/-constant initializer
USBCORE.C(58): error C231: 'wIndex': redefinition
USBCORE.C(58): error C247: non-address/-constant initializer
USBCORE.C(59): error C231: 'wLength': redefinition
USBCORE.C(59): error C247: non-address/-constant initializer
USBCORE.C(61): error C141: syntax error near 'if'
USBCORE.C(61): error C141: syntax error near '&', expected ')'
USBCORE.C(63): error C141: syntax error near '>>', expected ')'
USBCORE.C(67): error C141: syntax error near '<string>'
USBCORE.C(67): error C231: '_Prints': redefinition
USBCORE.C(69): error C141: syntax error near 'switch'
USBCORE.C(70): error C129: missing ';' before '{'
Target not created
Build target 'D12Detect'
compiling key.c...
compiling main.c...
compiling uart.c...
compiling D12.c...
compiling usbCore.c...
USBCORE.C(40): error C141: syntax error near 'void'
USBCORE.C(41): error C231: 'UsbBusSuspend': redefinition
USBCORE.C(41): error C141: syntax error near '{'
USBCORE.C(43): error C231: 'UsbBusReset': redefinition
USBCORE.C(43): error C141: syntax error near '{'
USBCORE.C(45): error C231: 'UsbEp0Out': redefinition
USBCORE.C(45): error C141: syntax error near '{'
USBCORE.C(47): error C231: '_Prints': redefinition
USBCORE.C(49): error C141: syntax error near 'if'
USBCORE.C(49): error C141: syntax error near '0'
USBCORE.C(49): error C141: syntax error near '&', expected ')'
USBCORE.C(51): error C141: syntax error near '0'
USBCORE.C(51): error C231: '_D12ReadEndPointBuffer': redefinition
USBCORE.C(52): error C231: 'D12AckSetup': redefinition
USBCORE.C(53): error C141: syntax error near '0xF2'
USBCORE.C(53): error C231: '_D12WriteCMD': redefinition
USBCORE.C(55): error C231: 'bmRequestType': redefinition
USBCORE.C(56): error C231: 'bRequest': redefinition
USBCORE.C(57): error C231: 'wValue': redefinition
USBCORE.C(57): error C247: non-address/-constant initializer
USBCORE.C(58): error C231: 'wIndex': redefinition
USBCORE.C(58): error C247: non-address/-constant initializer
USBCORE.C(59): error C231: 'wLength': redefinition
USBCORE.C(59): error C247: non-address/-constant initializer
USBCORE.C(61): error C141: syntax error near 'if'
USBCORE.C(61): error C141: syntax error near '&', expected ')'
USBCORE.C(63): error C141: syntax error near '>>', expected ')'
USBCORE.C(67): error C141: syntax error near '<string>'
USBCORE.C(67): error C231: '_Prints': redefinition
USBCORE.C(69): error C141: syntax error near 'switch'
USBCORE.C(70): error C129: missing ';' before '{'
Target not created
Build target 'D12Detect'
compiling key.c...
compiling main.c...
compiling uart.c...
compiling D12.c...
compiling usbCore.c...
USBCORE.C(83): error C202: 'DEVICE_DESCRIPTOR': undefined identifier
USBCORE.C(91): error C202: 'DevcieDescriptor': undefined identifier
Target not created
Build target 'D12Detect'
compiling key.c...
compiling main.c...
compiling uart.c...
compiling D12.c...
compiling usbCore.c...
USBCORE.C(100): warning C206: 'UsbEp0SendData': missing function-prototype
linking...
*** WARNING L16: UNCALLED SEGMENT, IGNORED FOR OVERLAY PROCESS
    SEGMENT: ?PR?USBDISCONNECT?D12
Program Size: data=65.0 xdata=0 code=2280
creating hex file from "D12_Detect"...
"D12_Detect" - 0 Error(s), 2 Warning(s).
Build target 'D12Detect'
compiling key.c...
compiling main.c...
compiling uart.c...
compiling D12.c...
compiling usbCore.c...
linking...
*** WARNING L16: UNCALLED SEGMENT, IGNORED FOR OVERLAY PROCESS
    SEGMENT: ?PR?USBDISCONNECT?D12
Program Size: data=65.0 xdata=0 code=2280
creating hex file from "D12_Detect"...
"D12_Detect" - 0 Error(s), 1 Warning(s).
Build target 'D12Detect'
compiling key.c...
compiling main.c...
compiling uart.c...
compiling D12.c...
compiling usbCore.c...
linking...
*** WARNING L16: UNCALLED SEGMENT, IGNORED FOR OVERLAY PROCESS
    SEGMENT: ?PR?USBDISCONNECT?D12
Program Size: data=65.0 xdata=0 code=2304
creating hex file from "D12_Detect"...
"D12_Detect" - 0 Error(s), 1 Warning(s).
Build target 'D12Detect'
compiling key.c...
compiling main.c...
compiling uart.c...
compiling D12.c...
compiling usbCore.c...
linking...
*** WARNING L16: UNCALLED SEGMENT, IGNORED FOR OVERLAY PROCESS
    SEGMENT: ?PR?USBDISCONNECT?D12
Program Size: data=65.0 xdata=0 code=2307
creating hex file from "D12_Detect"...
"D12_Detect" - 0 Error(s), 1 Warning(s).
Build target 'D12Detect'
compiling key.c...
compiling main.c...
compiling uart.c...
compiling D12.c...
compiling usbCore.c...
linking...
*** WARNING L16: UNCALLED SEGMENT, IGNORED FOR OVERLAY PROCESS
    SEGMENT: ?PR?USBDISCONNECT?D12
Program Size: data=65.0 xdata=0 code=2307
creating hex file from "D12_Detect"...
"D12_Detect" - 0 Error(s), 1 Warning(s).
Build target 'D12Detect'
compiling key.c...
compiling main.c...
compiling uart.c...
compiling D12.c...
compiling usbCore.c...
linking...
*** WARNING L16: UNCALLED SEGMENT, IGNORED FOR OVERLAY PROCESS
    SEGMENT: ?PR?USBDISCONNECT?D12
Program Size: data=65.0 xdata=0 code=2307
creating hex file from "D12_Detect"...
"D12_Detect" - 0 Error(s), 1 Warning(s).
Build target 'D12Detect'
compiling key.c...
compiling main.c...
compiling uart.c...
compiling D12.c...
compiling usbCore.c...
linking...
*** WARNING L16: UNCALLED SEGMENT, IGNORED FOR OVERLAY PROCESS
    SEGMENT: ?PR?USBDISCONNECT?D12
Program Size: data=65.0 xdata=0 code=2318
creating hex file from "D12_Detect"...
"D12_Detect" - 0 Error(s), 1 Warning(s).
Build target 'D12Detect'
compiling key.c...
compiling main.c...
compiling uart.c...
compiling D12.c...
compiling usbCore.c...
linking...
*** WARNING L16: UNCALLED SEGMENT, IGNORED FOR OVERLAY PROCESS
    SEGMENT: ?PR?USBDISCONNECT?D12
Program Size: data=65.0 xdata=0 code=2401
creating hex file from "D12_Detect"...
"D12_Detect" - 0 Error(s), 1 Warning(s).
Build target 'D12Detect'
compiling key.c...
compiling main.c...
compiling uart.c...
compiling D12.c...
compiling usbCore.c...
linking...
*** WARNING L16: UNCALLED SEGMENT, IGNORED FOR OVERLAY PROCESS
    SEGMENT: ?PR?USBDISCONNECT?D12
Program Size: data=65.0 xdata=0 code=2480
creating hex file from "D12_Detect"...
"D12_Detect" - 0 Error(s), 1 Warning(s).
Clean started: Project: 'D12_Detect'
   deleting intermediate output files for target 'D12Detect'
