<html>
<body>
<pre>
<h1>Vision Build Log</h1>
<h2>Project:</h2>
F:\Dean\MCU51\USBD12\USB实验第四 设定地址\D12_Detect.uvproj
Project File Date:  04/18/2011

<h2>Output:</h2>
Build target 'D12Detect'
compiling key.c...
compiling main.c...
compiling uart.c...
compiling D12.c...
compiling usbCore.c...
USBCORE.C(194): warning C214: 'Argument': conversion: pointer to non-pointer
USBCORE.C(198): error C202: 'SengLength': undefined identifier
Target not created
Build target 'D12Detect'
compiling key.c...
compiling main.c...
compiling uart.c...
compiling D12.c...
compiling usbCore.c...
USBCORE.C(198): error C202: 'SengLength': undefined identifier
Target not created
Build target 'D12Detect'
compiling key.c...
compiling main.c...
compiling uart.c...
compiling D12.c...
compiling usbCore.c...
linking...
*** WARNING L16: UNCALLED SEGMENT, IGNORED FOR OVERLAY PROCESS
    SEGMENT: ?PR?USBDISCONNECT?D12
Program Size: data=65.0 xdata=0 code=2562
creating hex file from "D12_Detect"...
"D12_Detect" - 0 Error(s), 1 Warning(s).
Clean started: Project: 'D12_Detect'
   deleting intermediate output files for target 'D12Detect'
