<html>
<body>
<pre>
<h1>Vision Build Log</h1>
<h2>Project:</h2>
F:\Dean\MCU51\USBD12\USB实验第三 设备请求的散转及设备描述符的返回\D12_Detect.uvproj
Project File Date:  04/15/2011

<h2>Output:</h2>
Build target 'D12Detect'
compiling key.c...
compiling main.c...
compiling uart.c...
compiling D12.c...
compiling usbCore.c...
USBCORE.C(14): error C231: 'wLength': redefinition
USBCORE.C(39): error C172: 'case': missing enclosing switch
USBCORE.C(46): error C202: 'GET_CONFIGURATION': undefined identifier
USBCORE.C(52): error C202: 'GET_DESCRIPTOR': undefined identifier
USBCORE.C(58): error C202: 'GET_INTERFACE': undefined identifier
USBCORE.C(64): error C202: 'GET_STATUS': undefined identifier
USBCORE.C(70): error C202: 'SYNCH_FRAME': undefined identifier
USBCORE.C(82): error C171: 'break': missing enclosing loop
USBCORE.C(84): error C172: 'case': missing enclosing switch
USBCORE.C(88): error C171: 'break': missing enclosing loop
USBCORE.C(90): error C172: 'case': missing enclosing switch
USBCORE.C(94): error C171: 'break': missing enclosing loop
USBCORE.C(96): error C172: 'default': missing enclosing switch
USBCORE.C(100): error C171: 'break': missing enclosing loop
USBCORE.C(114): error C202: 'CLEAR_FEATURE': undefined identifier
USBCORE.C(120): error C202: 'SET_ADDRESS': undefined identifier
USBCORE.C(126): error C202: 'SET_CONFIGURATION': undefined identifier
USBCORE.C(132): error C202: 'SET_DESCRIPTOR': undefined identifier
USBCORE.C(138): error C202: 'SET_FEATURE': undefined identifier
USBCORE.C(144): error C202: 'SET_INTERFACE': undefined identifier
USBCORE.C(176): error C141: syntax error near 'else'
USBCORE.C(182): error C141: syntax error near 'void'
Target not created
Build target 'D12Detect'
compiling key.c...
compiling main.c...
compiling uart.c...
compiling D12.c...
compiling usbCore.c...
USBCORE.C(14): error C231: 'wLength': redefinition
USBCORE.C(39): error C172: 'case': missing enclosing switch
USBCORE.C(45): error C202: 'GET_CONFIGURATION': undefined identifier
USBCORE.C(51): error C202: 'GET_DESCRIPTOR': undefined identifier
USBCORE.C(57): error C202: 'GET_INTERFACE': undefined identifier
USBCORE.C(63): error C202: 'GET_STATUS': undefined identifier
USBCORE.C(69): error C202: 'SYNCH_FRAME': undefined identifier
USBCORE.C(81): error C171: 'break': missing enclosing loop
USBCORE.C(83): error C172: 'case': missing enclosing switch
USBCORE.C(87): error C171: 'break': missing enclosing loop
USBCORE.C(89): error C172: 'case': missing enclosing switch
USBCORE.C(93): error C171: 'break': missing enclosing loop
USBCORE.C(95): error C172: 'default': missing enclosing switch
USBCORE.C(99): error C171: 'break': missing enclosing loop
USBCORE.C(113): error C202: 'CLEAR_FEATURE': undefined identifier
USBCORE.C(119): error C202: 'SET_ADDRESS': undefined identifier
USBCORE.C(125): error C202: 'SET_CONFIGURATION': undefined identifier
USBCORE.C(131): error C202: 'SET_DESCRIPTOR': undefined identifier
USBCORE.C(137): error C202: 'SET_FEATURE': undefined identifier
USBCORE.C(143): error C202: 'SET_INTERFACE': undefined identifier
USBCORE.C(175): error C141: syntax error near 'else'
USBCORE.C(181): error C141: syntax error near 'void'
Target not created
Build target 'D12Detect'
compiling key.c...
compiling main.c...
compiling uart.c...
compiling D12.c...
compiling usbCore.c...
USBCORE.C(14): error C231: 'wLength': redefinition
USBCORE.C(39): error C172: 'case': missing enclosing switch
USBCORE.C(45): error C202: 'GET_CONFIGURATION': undefined identifier
USBCORE.C(51): error C202: 'GET_DESCRIPTOR': undefined identifier
USBCORE.C(57): error C202: 'GET_INTERFACE': undefined identifier
USBCORE.C(63): error C202: 'GET_STATUS': undefined identifier
USBCORE.C(69): error C202: 'SYNCH_FRAME': undefined identifier
USBCORE.C(81): error C171: 'break': missing enclosing loop
USBCORE.C(83): error C172: 'case': missing enclosing switch
USBCORE.C(87): error C171: 'break': missing enclosing loop
USBCORE.C(89): error C172: 'case': missing enclosing switch
USBCORE.C(93): error C171: 'break': missing enclosing loop
USBCORE.C(95): error C172: 'default': missing enclosing switch
USBCORE.C(99): error C171: 'break': missing enclosing loop
USBCORE.C(113): error C202: 'CLEAR_FEATURE': undefined identifier
USBCORE.C(119): error C202: 'SET_ADDRESS': undefined identifier
USBCORE.C(125): error C202: 'SET_CONFIGURATION': undefined identifier
USBCORE.C(131): error C202: 'SET_DESCRIPTOR': undefined identifier
USBCORE.C(137): error C202: 'SET_FEATURE': undefined identifier
USBCORE.C(143): error C202: 'SET_INTERFACE': undefined identifier
Target not created
Build target 'D12Detect'
compiling key.c...
compiling main.c...
compiling uart.c...
compiling D12.c...
compiling usbCore.c...
USBCORE.C(40): error C172: 'case': missing enclosing switch
USBCORE.C(46): error C202: 'GET_CONFIGURATION': undefined identifier
USBCORE.C(52): error C202: 'GET_DESCRIPTOR': undefined identifier
USBCORE.C(58): error C202: 'GET_INTERFACE': undefined identifier
USBCORE.C(64): error C202: 'GET_STATUS': undefined identifier
USBCORE.C(70): error C202: 'SYNCH_FRAME': undefined identifier
USBCORE.C(82): error C171: 'break': missing enclosing loop
USBCORE.C(84): error C172: 'case': missing enclosing switch
USBCORE.C(88): error C171: 'break': missing enclosing loop
USBCORE.C(90): error C172: 'case': missing enclosing switch
USBCORE.C(94): error C171: 'break': missing enclosing loop
USBCORE.C(96): error C172: 'default': missing enclosing switch
USBCORE.C(100): error C171: 'break': missing enclosing loop
USBCORE.C(114): error C202: 'CLEAR_FEATURE': undefined identifier
USBCORE.C(120): error C202: 'SET_ADDRESS': undefined identifier
USBCORE.C(126): error C202: 'SET_CONFIGURATION': undefined identifier
USBCORE.C(132): error C202: 'SET_DESCRIPTOR': undefined identifier
USBCORE.C(138): error C202: 'SET_FEATURE': undefined identifier
USBCORE.C(144): error C202: 'SET_INTERFACE': undefined identifier
Target not created
Build target 'D12Detect'
compiling key.c...
compiling main.c...
compiling uart.c...
compiling D12.c...
compiling usbCore.c...
USBCORE.C(46): error C202: 'GET_CONFIGURATION': undefined identifier
USBCORE.C(52): error C202: 'GET_DESCRIPTOR': undefined identifier
USBCORE.C(58): error C202: 'GET_INTERFACE': undefined identifier
USBCORE.C(64): error C202: 'GET_STATUS': undefined identifier
USBCORE.C(70): error C202: 'SYNCH_FRAME': undefined identifier
USBCORE.C(102): error C141: syntax error near 'else'
USBCORE.C(114): error C202: 'CLEAR_FEATURE': undefined identifier
USBCORE.C(120): error C202: 'SET_ADDRESS': undefined identifier
USBCORE.C(126): error C202: 'SET_CONFIGURATION': undefined identifier
USBCORE.C(132): error C202: 'SET_DESCRIPTOR': undefined identifier
USBCORE.C(138): error C202: 'SET_FEATURE': undefined identifier
USBCORE.C(144): error C202: 'SET_INTERFACE': undefined identifier
Target not created
Build target 'D12Detect'
compiling key.c...
compiling main.c...
compiling uart.c...
compiling D12.c...
compiling usbCore.c...
USBCORE.C(46): error C202: 'GET_CONFIGURATION': undefined identifier
USBCORE.C(52): error C202: 'GET_DESCRIPTOR': undefined identifier
USBCORE.C(58): error C202: 'GET_INTERFACE': undefined identifier
USBCORE.C(64): error C202: 'GET_STATUS': undefined identifier
USBCORE.C(70): error C202: 'SYNCH_FRAME': undefined identifier
USBCORE.C(102): error C141: syntax error near 'else'
USBCORE.C(114): error C202: 'CLEAR_FEATURE': undefined identifier
USBCORE.C(120): error C202: 'SET_ADDRESS': undefined identifier
USBCORE.C(126): error C202: 'SET_CONFIGURATION': undefined identifier
USBCORE.C(132): error C202: 'SET_DESCRIPTOR': undefined identifier
USBCORE.C(138): error C202: 'SET_FEATURE': undefined identifier
USBCORE.C(144): error C202: 'SET_INTERFACE': undefined identifier
Target not created
Build target 'D12Detect'
compiling key.c...
compiling main.c...
compiling uart.c...
compiling D12.c...
compiling usbCore.c...
USBCORE.C(102): error C141: syntax error near 'else'
Target not created
Build target 'D12Detect'
compiling key.c...
compiling main.c...
compiling uart.c...
compiling D12.c...
compiling usbCore.c...
USBCORE.C(177): error C141: syntax error near 'else'
Target not created
Build target 'D12Detect'
compiling key.c...
compiling main.c...
compiling uart.c...
compiling D12.c...
compiling usbCore.c...
USBCORE.C(180): error C141: syntax error near 'else'
Target not created
Build target 'D12Detect'
compiling key.c...
compiling main.c...
compiling uart.c...
compiling D12.c...
compiling usbCore.c...
linking...
*** WARNING L16: UNCALLED SEGMENT, IGNORED FOR OVERLAY PROCESS
    SEGMENT: ?PR?USBDISCONNECT?D12
*** WARNING L16: UNCALLED SEGMENT, IGNORED FOR OVERLAY PROCESS
    SEGMENT: ?PR?_D12WRITEENDPOINTBUFFER?D12
Program Size: data=70.0 xdata=0 code=1198
creating hex file from "D12_Detect"...
"D12_Detect" - 0 Error(s), 2 Warning(s).
Build target 'D12Detect'
compiling key.c...
compiling main.c...
compiling uart.c...
compiling D12.c...
compiling usbCore.c...
linking...
*** WARNING L16: UNCALLED SEGMENT, IGNORED FOR OVERLAY PROCESS
    SEGMENT: ?PR?USBDISCONNECT?D12
*** WARNING L16: UNCALLED SEGMENT, IGNORED FOR OVERLAY PROCESS
    SEGMENT: ?PR?_D12WRITEENDPOINTBUFFER?D12
Program Size: data=70.0 xdata=0 code=1786
creating hex file from "D12_Detect"...
"D12_Detect" - 0 Error(s), 2 Warning(s).
Build target 'D12Detect'
compiling key.c...
compiling main.c...
compiling uart.c...
compiling D12.c...
compiling usbCore.c...
linking...
*** WARNING L16: UNCALLED SEGMENT, IGNORED FOR OVERLAY PROCESS
    SEGMENT: ?PR?USBDISCONNECT?D12
*** WARNING L16: UNCALLED SEGMENT, IGNORED FOR OVERLAY PROCESS
    SEGMENT: ?PR?_D12WRITEENDPOINTBUFFER?D12
Program Size: data=70.0 xdata=0 code=1850
creating hex file from "D12_Detect"...
"D12_Detect" - 0 Error(s), 2 Warning(s).
Build target 'D12Detect'
compiling key.c...
compiling main.c...
compiling uart.c...
compiling D12.c...
compiling usbCore.c...
linking...
*** WARNING L16: UNCALLED SEGMENT, IGNORED FOR OVERLAY PROCESS
    SEGMENT: ?PR?USBDISCONNECT?D12
*** WARNING L16: UNCALLED SEGMENT, IGNORED FOR OVERLAY PROCESS
    SEGMENT: ?PR?_D12WRITEENDPOINTBUFFER?D12
Program Size: data=70.0 xdata=0 code=1855
creating hex file from "D12_Detect"...
"D12_Detect" - 0 Error(s), 2 Warning(s).
Build target 'D12Detect'
compiling key.c...
compiling main.c...
compiling uart.c...
compiling D12.c...
compiling usbCore.c...
linking...
*** WARNING L16: UNCALLED SEGMENT, IGNORED FOR OVERLAY PROCESS
    SEGMENT: ?PR?USBDISCONNECT?D12
*** WARNING L16: UNCALLED SEGMENT, IGNORED FOR OVERLAY PROCESS
    SEGMENT: ?PR?_D12WRITEENDPOINTBUFFER?D12
Program Size: data=70.0 xdata=0 code=1855
creating hex file from "D12_Detect"...
"D12_Detect" - 0 Error(s), 2 Warning(s).
Build target 'D12Detect'
compiling key.c...
compiling main.c...
compiling uart.c...
compiling D12.c...
compiling usbCore.c...
linking...
*** WARNING L16: UNCALLED SEGMENT, IGNORED FOR OVERLAY PROCESS
    SEGMENT: ?PR?USBDISCONNECT?D12
*** WARNING L16: UNCALLED SEGMENT, IGNORED FOR OVERLAY PROCESS
    SEGMENT: ?PR?_D12WRITEENDPOINTBUFFER?D12
Program Size: data=70.0 xdata=0 code=1786
creating hex file from "D12_Detect"...
"D12_Detect" - 0 Error(s), 2 Warning(s).
Clean started: Project: 'D12_Detect'
   deleting intermediate output files for target 'D12Detect'
