<html>
<body>
<pre>
<h1>Vision Build Log</h1>
<h2>Project:</h2>
F:\Dean\MCU51\USBD12\USB实验第七 设置配置\D12_Detect.uvproj
Project File Date:  04/18/2011

<h2>Output:</h2>
Build target 'D12Detect'
compiling key.c...
compiling main.c...
compiling uart.c...
compiling D12.c...
compiling usbCore.c...
linking...
*** WARNING L16: UNCALLED SEGMENT, IGNORED FOR OVERLAY PROCESS
    SEGMENT: ?PR?USBDISCONNECT?D12
Program Size: data=69.0 xdata=0 code=3814
creating hex file from "D12_Detect"...
"D12_Detect" - 0 Error(s), 1 Warning(s).
Build target 'D12Detect'
compiling key.c...
compiling main.c...
compiling uart.c...
compiling D12.c...
compiling usbCore.c...
linking...
*** WARNING L16: UNCALLED SEGMENT, IGNORED FOR OVERLAY PROCESS
    SEGMENT: ?PR?USBDISCONNECT?D12
Program Size: data=69.0 xdata=0 code=3814
creating hex file from "D12_Detect"...
"D12_Detect" - 0 Error(s), 1 Warning(s).
Build target 'D12Detect'
compiling key.c...
compiling main.c...
compiling uart.c...
compiling D12.c...
compiling usbCore.c...
USBCORE.C(154): error C129: missing ';' before 'ManufacturerStringDescriptor'
Target not created
Build target 'D12Detect'
compiling key.c...
compiling main.c...
compiling uart.c...
compiling D12.c...
compiling usbCore.c...
linking...
*** WARNING L16: UNCALLED SEGMENT, IGNORED FOR OVERLAY PROCESS
    SEGMENT: ?PR?USBDISCONNECT?D12
Program Size: data=69.0 xdata=0 code=3928
creating hex file from "D12_Detect"...
"D12_Detect" - 0 Error(s), 1 Warning(s).
Build target 'D12Detect'
compiling key.c...
compiling main.c...
compiling uart.c...
compiling D12.c...
compiling usbCore.c...
USBCORE.C(585): warning C206: 'D12ReadEndpointLastStatus': missing function-prototype
USBCORE.C(585): error C267: 'D12ReadEndpointLastStatus': requires ANSI-style prototype
Target not created
Build target 'D12Detect'
compiling key.c...
compiling main.c...
compiling uart.c...
compiling D12.c...
compiling usbCore.c...
USBCORE.C(588): warning C206: 'D12AcknowledgeSetup': missing function-prototype
USBCORE.C(593): error C202: 'uint16': undefined identifier
USBCORE.C(593): error C141: syntax error near 'Buffer'
USBCORE.C(593): error C141: syntax error near ')'
USBCORE.C(593): error C141: syntax error near ')'
USBCORE.C(594): error C141: syntax error near 'Buffer'
USBCORE.C(594): error C141: syntax error near ')'
USBCORE.C(594): error C141: syntax error near ')'
USBCORE.C(595): error C141: syntax error near 'Buffer'
USBCORE.C(595): error C141: syntax error near ')'
USBCORE.C(595): error C141: syntax error near ')'
Target not created
Build target 'D12Detect'
compiling key.c...
compiling main.c...
compiling uart.c...
compiling D12.c...
compiling usbCore.c...
USBCORE.C(593): error C202: 'uint16': undefined identifier
USBCORE.C(593): error C141: syntax error near 'Buffer'
USBCORE.C(593): error C141: syntax error near ')'
USBCORE.C(593): error C141: syntax error near ')'
USBCORE.C(594): error C141: syntax error near 'Buffer'
USBCORE.C(594): error C141: syntax error near ')'
USBCORE.C(594): error C141: syntax error near ')'
USBCORE.C(595): error C141: syntax error near 'Buffer'
USBCORE.C(595): error C141: syntax error near ')'
USBCORE.C(595): error C141: syntax error near ')'
Target not created
Build target 'D12Detect'
compiling key.c...
compiling main.c...
compiling uart.c...
compiling D12.c...
compiling usbCore.c...
USBCORE.C(866): warning C206: 'D12SetEndpointEnable': missing function-prototype
USBCORE.C(866): error C267: 'D12SetEndpointEnable': requires ANSI-style prototype
Target not created
Build target 'D12Detect'
compiling key.c...
compiling main.c...
compiling uart.c...
compiling D12.c...
compiling usbCore.c...
USBCORE.C(942): warning C206: 'D12ReadEndpointBuffer': missing function-prototype
USBCORE.C(942): error C267: 'D12ReadEndpointBuffer': requires ANSI-style prototype
Target not created
Build target 'D12Detect'
compiling key.c...
compiling main.c...
compiling uart.c...
compiling D12.c...
compiling usbCore.c...
linking...
*** WARNING L16: UNCALLED SEGMENT, IGNORED FOR OVERLAY PROCESS
    SEGMENT: ?PR?USBDISCONNECT?D12
Program Size: data=69.0 xdata=0 code=2670
creating hex file from "D12_Detect"...
"D12_Detect" - 0 Error(s), 1 Warning(s).
Build target 'D12Detect'
compiling key.c...
compiling main.c...
compiling uart.c...
compiling D12.c...
compiling usbCore.c...
linking...
*** WARNING L16: UNCALLED SEGMENT, IGNORED FOR OVERLAY PROCESS
    SEGMENT: ?PR?USBDISCONNECT?D12
Program Size: data=69.0 xdata=0 code=3923
creating hex file from "D12_Detect"...
"D12_Detect" - 0 Error(s), 1 Warning(s).
Build target 'D12Detect'
compiling key.c...
compiling main.c...
compiling uart.c...
compiling D12.c...
compiling usbCore.c...
linking...
*** WARNING L16: UNCALLED SEGMENT, IGNORED FOR OVERLAY PROCESS
    SEGMENT: ?PR?USBDISCONNECT?D12
Program Size: data=69.0 xdata=0 code=3926
creating hex file from "D12_Detect"...
"D12_Detect" - 0 Error(s), 1 Warning(s).
Build target 'D12Detect'
compiling key.c...
compiling main.c...
compiling uart.c...
compiling D12.c...
compiling usbCore.c...
linking...
*** WARNING L16: UNCALLED SEGMENT, IGNORED FOR OVERLAY PROCESS
    SEGMENT: ?PR?USBDISCONNECT?D12
Program Size: data=69.0 xdata=0 code=3926
creating hex file from "D12_Detect"...
"D12_Detect" - 0 Error(s), 1 Warning(s).
Build target 'D12Detect'
compiling key.c...
compiling main.c...
compiling uart.c...
compiling D12.c...
compiling usbCore.c...
linking...
*** WARNING L16: UNCALLED SEGMENT, IGNORED FOR OVERLAY PROCESS
    SEGMENT: ?PR?USBDISCONNECT?D12
Program Size: data=69.0 xdata=0 code=3812
creating hex file from "D12_Detect"...
"D12_Detect" - 0 Error(s), 1 Warning(s).
Clean started: Project: 'D12_Detect'
   deleting intermediate output files for target 'D12Detect'
